<?xml version="1.0" encoding="UTF-8"?>
<!-- Generated by org.testng.reporters.JUnitReportReporter -->
<testsuite hostname="DESKTOP-2NSIB7R" failures="0" tests="1" name="Scripts.tc2" time="0.001" errors="0" timestamp="2023-03-26T13:38:34 IST" skipped="0">
  <testcase classname="Scripts.tc2" name="test2" time="0.001"/>
  <system-out>
    <![CDATA[hello javaselenium]]>
  </system-out>
</testsuite> <!-- Scripts.tc2 -->
