<?xml version="1.0" encoding="UTF-8"?>
<!-- Generated by org.testng.reporters.JUnitReportReporter -->
<testsuite hostname="DESKTOP-2NSIB7R" failures="0" tests="1" name="Scripts.tc3" time="0.011" errors="0" timestamp="2023-03-26T13:38:34 IST" skipped="0">
  <testcase classname="Scripts.tc3" name="test3" time="0.011"/>
  <system-out>
    <![CDATA[hello pythonselenium]]>
  </system-out>
</testsuite> <!-- Scripts.tc3 -->
